<?xml version="1.0" encoding="UTF-8"?>
<!-- Generated by org.testng.reporters.JUnitReportReporter -->
<testsuite hostname="DESKTOP-8J59P4E" failures="0" tests="1" name="demo.Sample1" time="0.016" errors="0" timestamp="2022-12-14T18:08:47 IST" skipped="0">
  <testcase classname="demo.Sample1" name="SampleTest1" time="0.016"/>
  <system-out/>
</testsuite> <!-- demo.Sample1 -->
